-------------------------------------------------------------------------------
Test set: com.springboot3.sample.rest.RestApplicationTests
-------------------------------------------------------------------------------
Tests run: 2, Failures: 1, Errors: 0, Skipped: 0, Time elapsed: 1.166 s <<< FAILURE! - in com.springboot3.sample.rest.RestApplicationTests
createUserBadRequestTest  Time elapsed: 0.332 s  <<< FAILURE!
org.opentest4j.AssertionFailedError: expected: <400> but was: <415>
	at com.springboot3.sample.rest.RestApplicationTests.createUserBadRequestTest(RestApplicationTests.java:43)

