<?xml version="1.0" encoding="UTF-8"?>
<testsuite xmlns:xsi="http://www.w3.org/2001/XMLSchema-instance" xsi:noNamespaceSchemaLocation="https://maven.apache.org/surefire/maven-surefire-plugin/xsd/surefire-test-report.xsd" name="com.springboot3.sample.rest.RestApplicationTests" time="1.166" tests="2" errors="0" skipped="0" failures="1">
  <properties>
[...]
</properties>
  <testcase name="createUserBadRequestTest" classname="com.springboot3.sample.rest.RestApplicationTests" time="0.332">
    <failure message="expected: &lt;400&gt; but was: &lt;415&gt;" type="org.opentest4j.AssertionFailedError"><![CDATA[org.opentest4j.AssertionFailedError: expected: <400> but was: <415>
	at com.springboot3.sample.rest.RestApplicationTests.createUserBadRequestTest(RestApplicationTests.java:43)
]]></failure>
    <system-out><![CDATA[20:18:31.029 [main] DEBUG org.springframework.boot.test.context.SpringBootTestContextBootstrapper - Neither @ContextConfiguration nor @ContextHierarchy found for test class [RestApplicationTests]: using SpringBootContextLoader
20:18:31.031 [main] DEBUG org.springframework.test.context.support.AbstractContextLoader - Could not detect default resource locations for test class [com.springboot3.sample.rest.RestApplicationTests]: no resource found for suffixes {-context.xml, Context.groovy}.
20:18:31.031 [main] INFO org.springframework.test.context.support.AnnotationConfigContextLoaderUtils - Could not detect default configuration classes for test class [com.springboot3.sample.rest.RestApplicationTests]: RestApplicationTests does not declare any static, non-private, non-final, nested classes annotated with @Configuration.
20:18:31.041 [main] DEBUG org.springframework.boot.test.context.SpringBootTestContextBootstrapper - Using ContextCustomizers for test class [RestApplicationTests]: [ExcludeFilterContextCustomizer, DuplicateJsonObjectContextCustomizer, MockitoContextCustomizer, TestRestTemplateContextCustomizer, DisableObservabilityContextCustomizer, PropertyMappingContextCustomizer, Customizer]
20:18:31.071 [main] DEBUG org.springframework.context.annotation.ClassPathScanningCandidateComponentProvider - Identified candidate component class: file [/Users/saeid/github/spring-boot-3-training/source-codes/spring-rest/target/classes/com/springboot3/sample/rest/RestApplication.class]
20:18:31.072 [main] INFO org.springframework.boot.test.context.SpringBootTestContextBootstrapper - Found @SpringBootConfiguration com.springboot3.sample.rest.RestApplication for test class com.springboot3.sample.rest.RestApplicationTests
20:18:31.104 [main] DEBUG org.springframework.test.context.util.TestContextSpringFactoriesUtils - Skipping candidate TestExecutionListener [org.springframework.test.context.transaction.TransactionalTestExecutionListener] due to a missing dependency. Specify custom TestExecutionListener classes or make the default TestExecutionListener classes and their required dependencies available. Offending class: [org/springframework/transaction/interceptor/TransactionAttributeSource]
20:18:31.105 [main] DEBUG org.springframework.test.context.util.TestContextSpringFactoriesUtils - Skipping candidate TestExecutionListener [org.springframework.test.context.jdbc.SqlScriptsTestExecutionListener] due to a missing dependency. Specify custom TestExecutionListener classes or make the default TestExecutionListener classes and their required dependencies available. Offending class: [org/springframework/transaction/interceptor/TransactionAttribute]
20:18:31.105 [main] DEBUG org.springframework.boot.test.context.SpringBootTestContextBootstrapper - Using TestExecutionListeners for test class [RestApplicationTests]: [ServletTestExecutionListener, DirtiesContextBeforeModesTestExecutionListener, ApplicationEventsTestExecutionListener, MockitoTestExecutionListener, DependencyInjectionTestExecutionListener, DirtiesContextTestExecutionListener, EventPublishingTestExecutionListener, ResetMocksTestExecutionListener, RestDocsTestExecutionListener, MockRestServiceServerResetTestExecutionListener, MockMvcPrintOnlyOnFailureTestExecutionListener, WebDriverTestExecutionListener, MockWebServiceServerTestExecutionListener]
20:18:31.106 [main] DEBUG org.springframework.test.context.support.AbstractDirtiesContextTestExecutionListener - Before test class: class [RestApplicationTests], class annotated with @DirtiesContext [false] with mode [null]
20:18:31.111 [main] DEBUG org.springframework.test.context.support.DependencyInjectionTestExecutionListener - Performing dependency injection for test class com.springboot3.sample.rest.RestApplicationTests

  .   ____          _            __ _ _
 /\\ / ___'_ __ _ _(_)_ __  __ _ \ \ \ \
( ( )\___ | '_ | '_| | '_ \/ _` | \ \ \ \
 \\/  ___)| |_)| | | | | || (_| |  ) ) ) )
  '  |____| .__|_| |_|_| |_\__, | / / / /
 =========|_|==============|___/=/_/_/_/
 :: Spring Boot ::                (v3.0.3)

2023-03-04T20:18:31.234+03:30  INFO 8586 --- [           main] c.s.sample.rest.RestApplicationTests     : Starting RestApplicationTests using Java 17.0.6 with PID 8586 (started by saeid in /Users/saeid/github/spring-boot-3-training/source-codes/spring-rest)
2023-03-04T20:18:31.235+03:30  INFO 8586 --- [           main] c.s.sample.rest.RestApplicationTests     : No active profile set, falling back to 1 default profile: "default"
2023-03-04T20:18:31.593+03:30  INFO 8586 --- [           main] o.s.b.w.embedded.tomcat.TomcatWebServer  : Tomcat initialized with port(s): 0 (http)
2023-03-04T20:18:31.598+03:30  INFO 8586 --- [           main] o.apache.catalina.core.StandardService   : Starting service [Tomcat]
2023-03-04T20:18:31.598+03:30  INFO 8586 --- [           main] o.apache.catalina.core.StandardEngine    : Starting Servlet engine: [Apache Tomcat/10.1.5]
2023-03-04T20:18:31.640+03:30  INFO 8586 --- [           main] o.a.c.c.C.[Tomcat].[localhost].[/]       : Initializing Spring embedded WebApplicationContext
2023-03-04T20:18:31.641+03:30  INFO 8586 --- [           main] w.s.c.ServletWebServerApplicationContext : Root WebApplicationContext: initialization completed in 396 ms
2023-03-04T20:18:31.792+03:30  INFO 8586 --- [           main] o.s.b.w.embedded.tomcat.TomcatWebServer  : Tomcat started on port(s): 51286 (http) with context path ''
2023-03-04T20:18:31.797+03:30  INFO 8586 --- [           main] c.s.sample.rest.RestApplicationTests     : Started RestApplicationTests in 0.677 seconds (process running for 1.034)
2023-03-04T20:18:32.080+03:30  INFO 8586 --- [o-auto-1-exec-1] o.a.c.c.C.[Tomcat].[localhost].[/]       : Initializing Spring DispatcherServlet 'dispatcherServlet'
2023-03-04T20:18:32.081+03:30  INFO 8586 --- [o-auto-1-exec-1] o.s.web.servlet.DispatcherServlet        : Initializing Servlet 'dispatcherServlet'
2023-03-04T20:18:32.081+03:30  INFO 8586 --- [o-auto-1-exec-1] o.s.web.servlet.DispatcherServlet        : Completed initialization in 0 ms
2023-03-04T20:18:32.089+03:30  WARN 8586 --- [o-auto-1-exec-1] .w.s.m.s.DefaultHandlerExceptionResolver : Resolved [org.springframework.web.HttpMediaTypeNotSupportedException: Content-Type is not supported]
]]></system-out>
  </testcase>
  <testcase name="contextLoads" classname="com.springboot3.sample.rest.RestApplicationTests" time="0.001"/>
</testsuite>